0 info it worked if it ends with ok
1 verbose cli [ '/usr/bin/node', '/usr/bin/npm', 'run', 'lint' ]
2 info using npm@3.5.2
3 info using node@v8.10.0
4 verbose run-script [ 'prelint', 'lint', 'postlint' ]
5 info lifecycle EoD-webui@0.1.0~prelint: EoD-webui@0.1.0
6 silly lifecycle EoD-webui@0.1.0~prelint: no script for prelint, continuing
7 info lifecycle EoD-webui@0.1.0~lint: EoD-webui@0.1.0
8 verbose lifecycle EoD-webui@0.1.0~lint: unsafe-perm in lifecycle true
9 verbose lifecycle EoD-webui@0.1.0~lint: PATH: /usr/share/npm/bin/node-gyp-bin:/home/kriket/Hackathon/Blockchain2018/EoD-webui/node_modules/.bin:/home/kriket/.local/bin:/usr/local/sbin:/usr/local/bin:/usr/sbin:/usr/bin:/sbin:/bin:/usr/games:/usr/local/games:/snap/bin
10 verbose lifecycle EoD-webui@0.1.0~lint: CWD: /home/kriket/Hackathon/Blockchain2018/EoD-webui
11 silly lifecycle EoD-webui@0.1.0~lint: Args: [ '-c', '$(npm bin)/eslint \'src/**/*.jsx\' \'src/**/*.js\'' ]
12 silly lifecycle EoD-webui@0.1.0~lint: Returned: code: 1  signal: null
13 info lifecycle EoD-webui@0.1.0~lint: Failed to exec lint script
14 verbose stack Error: EoD-webui@0.1.0 lint: `$(npm bin)/eslint 'src/**/*.jsx' 'src/**/*.js'`
14 verbose stack Exit status 1
14 verbose stack     at EventEmitter.<anonymous> (/usr/share/npm/lib/utils/lifecycle.js:232:16)
14 verbose stack     at emitTwo (events.js:126:13)
14 verbose stack     at EventEmitter.emit (events.js:214:7)
14 verbose stack     at ChildProcess.<anonymous> (/usr/share/npm/lib/utils/spawn.js:24:14)
14 verbose stack     at emitTwo (events.js:126:13)
14 verbose stack     at ChildProcess.emit (events.js:214:7)
14 verbose stack     at maybeClose (internal/child_process.js:925:16)
14 verbose stack     at Process.ChildProcess._handle.onexit (internal/child_process.js:209:5)
15 verbose pkgid EoD-webui@0.1.0
16 verbose cwd /home/kriket/Hackathon/Blockchain2018/EoD-webui
17 error Linux 4.15.0-30-generic
18 error argv "/usr/bin/node" "/usr/bin/npm" "run" "lint"
19 error node v8.10.0
20 error npm  v3.5.2
21 error code ELIFECYCLE
22 error EoD-webui@0.1.0 lint: `$(npm bin)/eslint 'src/**/*.jsx' 'src/**/*.js'`
22 error Exit status 1
23 error Failed at the EoD-webui@0.1.0 lint script '$(npm bin)/eslint 'src/**/*.jsx' 'src/**/*.js''.
23 error Make sure you have the latest version of node.js and npm installed.
23 error If you do, this is most likely a problem with the EoD-webui package,
23 error not with npm itself.
23 error Tell the author that this fails on your system:
23 error     $(npm bin)/eslint 'src/**/*.jsx' 'src/**/*.js'
23 error You can get information on how to open an issue for this project with:
23 error     npm bugs EoD-webui
23 error Or if that isn't available, you can get their info via:
23 error     npm owner ls EoD-webui
23 error There is likely additional logging output above.
24 verbose exit [ 1, true ]
